{"C:\\Users\\User\\PROJECTS\\daria-nagai-league\\daria-nagai-league\\src\\App.tsx": {"path":"C:\\Users\\User\\PROJECTS\\daria-nagai-league\\daria-nagai-league\\src\\App.tsx","statementMap":{"0":{"start":{"line":8,"column":19},"end":{"line":15,"column":1}},"1":{"start":{"line":9,"column":2},"end":{"line":14,"column":4}}},"fnMap":{"0":{"name":"(anonymous_0)","decl":{"start":{"line":8,"column":19},"end":{"line":8,"column":20}},"loc":{"start":{"line":8,"column":25},"end":{"line":15,"column":1}},"line":8}},"branchMap":{},"s":{"0":0,"1":0},"f":{"0":0},"b":{}}
,"C:\\Users\\User\\PROJECTS\\daria-nagai-league\\daria-nagai-league\\src\\main.tsx": {"path":"C:\\Users\\User\\PROJECTS\\daria-nagai-league\\daria-nagai-league\\src\\main.tsx","statementMap":{"0":{"start":{"line":5,"column":0},"end":{"line":9,"column":2}}},"fnMap":{},"branchMap":{},"s":{"0":0},"f":{},"b":{}}
,"C:\\Users\\User\\PROJECTS\\daria-nagai-league\\daria-nagai-league\\src\\vite-env.d.ts": {"path":"C:\\Users\\User\\PROJECTS\\daria-nagai-league\\daria-nagai-league\\src\\vite-env.d.ts","statementMap":{},"fnMap":{},"branchMap":{},"s":{},"f":{},"b":{}}
,"C:\\Users\\User\\PROJECTS\\daria-nagai-league\\daria-nagai-league\\src\\components\\compositions\\index.ts": {"path":"C:\\Users\\User\\PROJECTS\\daria-nagai-league\\daria-nagai-league\\src\\components\\compositions\\index.ts","statementMap":{},"fnMap":{},"branchMap":{},"s":{},"f":{},"b":{},"_coverageSchema":"1a1c01bbd47fc00a2c39e90264f33305004495a9","hash":"0ecc763e05b436d77bd87a22d533d9268194227a"}
,"C:\\Users\\User\\PROJECTS\\daria-nagai-league\\daria-nagai-league\\src\\components\\compositions\\header\\header.styles.ts": {"path":"C:\\Users\\User\\PROJECTS\\daria-nagai-league\\daria-nagai-league\\src\\components\\compositions\\header\\header.styles.ts","statementMap":{"0":{"start":{"line":3,"column":29},"end":{"line":27,"column":1}},"1":{"start":{"line":5,"column":4},"end":{"line":25,"column":6}},"2":{"start":{"line":29,"column":20},"end":{"line":33,"column":1}},"3":{"start":{"line":35,"column":21},"end":{"line":43,"column":1}},"4":{"start":{"line":37,"column":4},"end":{"line":41,"column":6}},"5":{"start":{"line":45,"column":34},"end":{"line":60,"column":1}},"6":{"start":{"line":47,"column":4},"end":{"line":58,"column":6}}},"fnMap":{"0":{"name":"(anonymous_0)","decl":{"start":{"line":4,"column":4},"end":{"line":4,"column":5}},"loc":{"start":{"line":4,"column":19},"end":{"line":26,"column":3}},"line":4},"1":{"name":"(anonymous_1)","decl":{"start":{"line":36,"column":4},"end":{"line":36,"column":5}},"loc":{"start":{"line":36,"column":19},"end":{"line":42,"column":3}},"line":36},"2":{"name":"(anonymous_2)","decl":{"start":{"line":46,"column":4},"end":{"line":46,"column":5}},"loc":{"start":{"line":46,"column":19},"end":{"line":59,"column":3}},"line":46}},"branchMap":{},"s":{"0":4,"1":3,"2":4,"3":4,"4":3,"5":4,"6":3},"f":{"0":3,"1":3,"2":3},"b":{},"_coverageSchema":"1a1c01bbd47fc00a2c39e90264f33305004495a9","hash":"81939989cc3840e4ea38801ced3c2cfb830065bb"}
,"C:\\Users\\User\\PROJECTS\\daria-nagai-league\\daria-nagai-league\\src\\components\\compositions\\header\\header.tsx": {"path":"C:\\Users\\User\\PROJECTS\\daria-nagai-league\\daria-nagai-league\\src\\components\\compositions\\header\\header.tsx","statementMap":{"0":{"start":{"line":6,"column":32},"end":{"line":18,"column":1}},"1":{"start":{"line":7,"column":2},"end":{"line":17,"column":4}}},"fnMap":{"0":{"name":"(anonymous_0)","decl":{"start":{"line":6,"column":32},"end":{"line":6,"column":33}},"loc":{"start":{"line":6,"column":38},"end":{"line":18,"column":1}},"line":6}},"branchMap":{},"s":{"0":4,"1":3},"f":{"0":3},"b":{},"_coverageSchema":"1a1c01bbd47fc00a2c39e90264f33305004495a9","hash":"7186e17c7642f2b402c84fa133cd6148baa27933"}
,"C:\\Users\\User\\PROJECTS\\daria-nagai-league\\daria-nagai-league\\src\\components\\compositions\\header\\index.ts": {"path":"C:\\Users\\User\\PROJECTS\\daria-nagai-league\\daria-nagai-league\\src\\components\\compositions\\header\\index.ts","statementMap":{},"fnMap":{},"branchMap":{},"s":{},"f":{},"b":{},"_coverageSchema":"1a1c01bbd47fc00a2c39e90264f33305004495a9","hash":"ec07f75a1111ec2eb1ce9d2e90306df7bf96146a"}
,"C:\\Users\\User\\PROJECTS\\daria-nagai-league\\daria-nagai-league\\src\\components\\compositions\\imageCard\\imageCard.styles.ts": {"path":"C:\\Users\\User\\PROJECTS\\daria-nagai-league\\daria-nagai-league\\src\\components\\compositions\\imageCard\\imageCard.styles.ts","statementMap":{"0":{"start":{"line":3,"column":20},"end":{"line":17,"column":1}},"1":{"start":{"line":4,"column":19},"end":{"line":16,"column":3}},"2":{"start":{"line":19,"column":25},"end":{"line":32,"column":1}},"3":{"start":{"line":20,"column":19},"end":{"line":31,"column":3}},"4":{"start":{"line":34,"column":30},"end":{"line":49,"column":1}},"5":{"start":{"line":35,"column":19},"end":{"line":48,"column":3}},"6":{"start":{"line":51,"column":23},"end":{"line":63,"column":1}},"7":{"start":{"line":52,"column":19},"end":{"line":62,"column":3}}},"fnMap":{"0":{"name":"(anonymous_0)","decl":{"start":{"line":4,"column":4},"end":{"line":4,"column":5}},"loc":{"start":{"line":4,"column":19},"end":{"line":16,"column":3}},"line":4},"1":{"name":"(anonymous_1)","decl":{"start":{"line":20,"column":4},"end":{"line":20,"column":5}},"loc":{"start":{"line":20,"column":19},"end":{"line":31,"column":3}},"line":20},"2":{"name":"(anonymous_2)","decl":{"start":{"line":35,"column":4},"end":{"line":35,"column":5}},"loc":{"start":{"line":35,"column":19},"end":{"line":48,"column":3}},"line":35},"3":{"name":"(anonymous_3)","decl":{"start":{"line":52,"column":4},"end":{"line":52,"column":5}},"loc":{"start":{"line":52,"column":19},"end":{"line":62,"column":3}},"line":52}},"branchMap":{},"s":{"0":4,"1":9,"2":4,"3":9,"4":4,"5":9,"6":4,"7":9},"f":{"0":9,"1":9,"2":9,"3":9},"b":{},"_coverageSchema":"1a1c01bbd47fc00a2c39e90264f33305004495a9","hash":"b3092533cc0fe7f843569a132c01d244e88a12f4"}
,"C:\\Users\\User\\PROJECTS\\daria-nagai-league\\daria-nagai-league\\src\\components\\compositions\\imageCard\\imageCard.tsx": {"path":"C:\\Users\\User\\PROJECTS\\daria-nagai-league\\daria-nagai-league\\src\\components\\compositions\\imageCard\\imageCard.tsx","statementMap":{"0":{"start":{"line":8,"column":25},"end":{"line":28,"column":1}},"1":{"start":{"line":10,"column":24},"end":{"line":10,"column":34}},"2":{"start":{"line":12,"column":28},"end":{"line":14,"column":5}},"3":{"start":{"line":13,"column":6},"end":{"line":13,"column":32}},"4":{"start":{"line":16,"column":4},"end":{"line":26,"column":6}}},"fnMap":{"0":{"name":"(anonymous_0)","decl":{"start":{"line":9,"column":2},"end":{"line":9,"column":3}},"loc":{"start":{"line":9,"column":63},"end":{"line":27,"column":3}},"line":9},"1":{"name":"(anonymous_1)","decl":{"start":{"line":12,"column":28},"end":{"line":12,"column":29}},"loc":{"start":{"line":12,"column":34},"end":{"line":14,"column":5}},"line":12}},"branchMap":{},"s":{"0":4,"1":9,"2":9,"3":0,"4":9},"f":{"0":9,"1":0},"b":{},"_coverageSchema":"1a1c01bbd47fc00a2c39e90264f33305004495a9","hash":"2bb7bde1e7c7f47e7f09085d45006bbc837cdb3d"}
,"C:\\Users\\User\\PROJECTS\\daria-nagai-league\\daria-nagai-league\\src\\components\\compositions\\imageCard\\imageCard.types.ts": {"path":"C:\\Users\\User\\PROJECTS\\daria-nagai-league\\daria-nagai-league\\src\\components\\compositions\\imageCard\\imageCard.types.ts","statementMap":{},"fnMap":{},"branchMap":{},"s":{},"f":{},"b":{}}
,"C:\\Users\\User\\PROJECTS\\daria-nagai-league\\daria-nagai-league\\src\\components\\compositions\\imageCard\\index.ts": {"path":"C:\\Users\\User\\PROJECTS\\daria-nagai-league\\daria-nagai-league\\src\\components\\compositions\\imageCard\\index.ts","statementMap":{},"fnMap":{},"branchMap":{},"s":{},"f":{},"b":{},"_coverageSchema":"1a1c01bbd47fc00a2c39e90264f33305004495a9","hash":"5d7400cd1a03ce6d7f3067e903f21d066e578d8c"}
,"C:\\Users\\User\\PROJECTS\\daria-nagai-league\\daria-nagai-league\\src\\components\\compositions\\imageModal\\imageModal.styles.ts": {"path":"C:\\Users\\User\\PROJECTS\\daria-nagai-league\\daria-nagai-league\\src\\components\\compositions\\imageModal\\imageModal.styles.ts","statementMap":{"0":{"start":{"line":3,"column":26},"end":{"line":15,"column":1}},"1":{"start":{"line":5,"column":4},"end":{"line":13,"column":6}},"2":{"start":{"line":17,"column":28},"end":{"line":28,"column":1}}},"fnMap":{"0":{"name":"(anonymous_0)","decl":{"start":{"line":4,"column":4},"end":{"line":4,"column":5}},"loc":{"start":{"line":4,"column":19},"end":{"line":14,"column":3}},"line":4}},"branchMap":{},"s":{"0":4,"1":1,"2":4},"f":{"0":1},"b":{},"_coverageSchema":"1a1c01bbd47fc00a2c39e90264f33305004495a9","hash":"5a2706adb09814634cfab9ddb71b4cbc8f3a71ac"}
,"C:\\Users\\User\\PROJECTS\\daria-nagai-league\\daria-nagai-league\\src\\components\\compositions\\imageModal\\imageModal.tsx": {"path":"C:\\Users\\User\\PROJECTS\\daria-nagai-league\\daria-nagai-league\\src\\components\\compositions\\imageModal\\imageModal.tsx","statementMap":{"0":{"start":{"line":7,"column":26},"end":{"line":30,"column":1}},"1":{"start":{"line":8,"column":36},"end":{"line":8,"column":59}},"2":{"start":{"line":10,"column":2},"end":{"line":15,"column":12}},"3":{"start":{"line":11,"column":18},"end":{"line":11,"column":29}},"4":{"start":{"line":12,"column":4},"end":{"line":12,"column":20}},"5":{"start":{"line":13,"column":4},"end":{"line":13,"column":45}},"6":{"start":{"line":13,"column":25},"end":{"line":13,"column":44}},"7":{"start":{"line":14,"column":4},"end":{"line":14,"column":46}},"8":{"start":{"line":14,"column":26},"end":{"line":14,"column":45}},"9":{"start":{"line":17,"column":2},"end":{"line":23,"column":3}},"10":{"start":{"line":18,"column":4},"end":{"line":22,"column":6}},"11":{"start":{"line":25,"column":2},"end":{"line":29,"column":4}}},"fnMap":{"0":{"name":"(anonymous_0)","decl":{"start":{"line":7,"column":26},"end":{"line":7,"column":27}},"loc":{"start":{"line":7,"column":72},"end":{"line":30,"column":1}},"line":7},"1":{"name":"(anonymous_1)","decl":{"start":{"line":10,"column":12},"end":{"line":10,"column":13}},"loc":{"start":{"line":10,"column":18},"end":{"line":15,"column":3}},"line":10},"2":{"name":"(anonymous_2)","decl":{"start":{"line":13,"column":19},"end":{"line":13,"column":20}},"loc":{"start":{"line":13,"column":25},"end":{"line":13,"column":44}},"line":13},"3":{"name":"(anonymous_3)","decl":{"start":{"line":14,"column":20},"end":{"line":14,"column":21}},"loc":{"start":{"line":14,"column":26},"end":{"line":14,"column":45}},"line":14}},"branchMap":{"0":{"loc":{"start":{"line":17,"column":2},"end":{"line":23,"column":3}},"type":"if","locations":[{"start":{"line":17,"column":2},"end":{"line":23,"column":3}},{"start":{},"end":{}}],"line":17}},"s":{"0":4,"1":3,"2":3,"3":2,"4":2,"5":2,"6":1,"7":2,"8":0,"9":3,"10":2,"11":1},"f":{"0":3,"1":2,"2":1,"3":0},"b":{"0":[2,1]},"_coverageSchema":"1a1c01bbd47fc00a2c39e90264f33305004495a9","hash":"a9e1ba0132ffb74217640233a6804467be40bac5"}
,"C:\\Users\\User\\PROJECTS\\daria-nagai-league\\daria-nagai-league\\src\\components\\compositions\\imageModal\\imageModal.types.ts": {"path":"C:\\Users\\User\\PROJECTS\\daria-nagai-league\\daria-nagai-league\\src\\components\\compositions\\imageModal\\imageModal.types.ts","statementMap":{},"fnMap":{},"branchMap":{},"s":{},"f":{},"b":{},"_coverageSchema":"1a1c01bbd47fc00a2c39e90264f33305004495a9","hash":"d193aa1590200a0d73156c82213496d62d0592a2"}
,"C:\\Users\\User\\PROJECTS\\daria-nagai-league\\daria-nagai-league\\src\\components\\compositions\\imageModal\\index.ts": {"path":"C:\\Users\\User\\PROJECTS\\daria-nagai-league\\daria-nagai-league\\src\\components\\compositions\\imageModal\\index.ts","statementMap":{},"fnMap":{},"branchMap":{},"s":{},"f":{},"b":{},"_coverageSchema":"1a1c01bbd47fc00a2c39e90264f33305004495a9","hash":"2174b1efc31d87f4ab3bc05fb2380a0eb5158421"}
,"C:\\Users\\User\\PROJECTS\\daria-nagai-league\\daria-nagai-league\\src\\components\\compositions\\modalsContainer\\index.ts": {"path":"C:\\Users\\User\\PROJECTS\\daria-nagai-league\\daria-nagai-league\\src\\components\\compositions\\modalsContainer\\index.ts","statementMap":{},"fnMap":{},"branchMap":{},"s":{},"f":{},"b":{},"_coverageSchema":"1a1c01bbd47fc00a2c39e90264f33305004495a9","hash":"9ddbe7b676df5cdcb9e9f800f48e98035452a0e2"}
,"C:\\Users\\User\\PROJECTS\\daria-nagai-league\\daria-nagai-league\\src\\components\\compositions\\modalsContainer\\modalsContainer.tsx": {"path":"C:\\Users\\User\\PROJECTS\\daria-nagai-league\\daria-nagai-league\\src\\components\\compositions\\modalsContainer\\modalsContainer.tsx","statementMap":{"0":{"start":{"line":4,"column":31},"end":{"line":14,"column":2}},"1":{"start":{"line":5,"column":17},"end":{"line":5,"column":36}},"2":{"start":{"line":7,"column":2},"end":{"line":13,"column":4}},"3":{"start":{"line":10,"column":8},"end":{"line":10,"column":30}}},"fnMap":{"0":{"name":"(anonymous_0)","decl":{"start":{"line":4,"column":40},"end":{"line":4,"column":41}},"loc":{"start":{"line":4,"column":46},"end":{"line":14,"column":1}},"line":4},"1":{"name":"(anonymous_1)","decl":{"start":{"line":9,"column":18},"end":{"line":9,"column":19}},"loc":{"start":{"line":10,"column":8},"end":{"line":10,"column":30}},"line":10}},"branchMap":{},"s":{"0":4,"1":3,"2":3,"3":0},"f":{"0":3,"1":0},"b":{},"_coverageSchema":"1a1c01bbd47fc00a2c39e90264f33305004495a9","hash":"f49f71b3999c093da760d4f4e29827583e56b26a"}
,"C:\\Users\\User\\PROJECTS\\daria-nagai-league\\daria-nagai-league\\src\\components\\compositions\\searchBox\\index.ts": {"path":"C:\\Users\\User\\PROJECTS\\daria-nagai-league\\daria-nagai-league\\src\\components\\compositions\\searchBox\\index.ts","statementMap":{},"fnMap":{},"branchMap":{},"s":{},"f":{},"b":{},"_coverageSchema":"1a1c01bbd47fc00a2c39e90264f33305004495a9","hash":"ef8fce0a86c8b49239022868e91678af2b3685d0"}
,"C:\\Users\\User\\PROJECTS\\daria-nagai-league\\daria-nagai-league\\src\\components\\compositions\\searchBox\\searchBox.tsx": {"path":"C:\\Users\\User\\PROJECTS\\daria-nagai-league\\daria-nagai-league\\src\\components\\compositions\\searchBox\\searchBox.tsx","statementMap":{"0":{"start":{"line":8,"column":25},"end":{"line":39,"column":1}},"1":{"start":{"line":9,"column":48},"end":{"line":9,"column":68}},"2":{"start":{"line":10,"column":28},"end":{"line":10,"column":48}},"3":{"start":{"line":11,"column":32},"end":{"line":11,"column":71}},"4":{"start":{"line":13,"column":2},"end":{"line":26,"column":28}},"5":{"start":{"line":14,"column":4},"end":{"line":25,"column":5}},"6":{"start":{"line":15,"column":22},"end":{"line":15,"column":63}},"7":{"start":{"line":16,"column":6},"end":{"line":21,"column":7}},"8":{"start":{"line":17,"column":8},"end":{"line":17,"column":58}},"9":{"start":{"line":18,"column":8},"end":{"line":18,"column":21}},"10":{"start":{"line":20,"column":8},"end":{"line":20,"column":48}},"11":{"start":{"line":23,"column":6},"end":{"line":23,"column":39}},"12":{"start":{"line":24,"column":6},"end":{"line":24,"column":19}},"13":{"start":{"line":28,"column":23},"end":{"line":30,"column":3}},"14":{"start":{"line":29,"column":4},"end":{"line":29,"column":43}},"15":{"start":{"line":31,"column":2},"end":{"line":38,"column":4}}},"fnMap":{"0":{"name":"(anonymous_0)","decl":{"start":{"line":8,"column":25},"end":{"line":8,"column":26}},"loc":{"start":{"line":8,"column":31},"end":{"line":39,"column":1}},"line":8},"1":{"name":"(anonymous_1)","decl":{"start":{"line":13,"column":12},"end":{"line":13,"column":13}},"loc":{"start":{"line":13,"column":18},"end":{"line":26,"column":3}},"line":13},"2":{"name":"(anonymous_2)","decl":{"start":{"line":28,"column":23},"end":{"line":28,"column":24}},"loc":{"start":{"line":28,"column":71},"end":{"line":30,"column":3}},"line":28}},"branchMap":{"0":{"loc":{"start":{"line":14,"column":4},"end":{"line":25,"column":5}},"type":"if","locations":[{"start":{"line":14,"column":4},"end":{"line":25,"column":5}},{"start":{"line":22,"column":11},"end":{"line":25,"column":5}}],"line":14},"1":{"loc":{"start":{"line":16,"column":6},"end":{"line":21,"column":7}},"type":"if","locations":[{"start":{"line":16,"column":6},"end":{"line":21,"column":7}},{"start":{"line":19,"column":13},"end":{"line":21,"column":7}}],"line":16}},"s":{"0":4,"1":14,"2":14,"3":14,"4":14,"5":8,"6":2,"7":2,"8":1,"9":1,"10":1,"11":6,"12":6,"13":14,"14":2,"15":14},"f":{"0":14,"1":8,"2":2},"b":{"0":[2,6],"1":[1,1]},"_coverageSchema":"1a1c01bbd47fc00a2c39e90264f33305004495a9","hash":"16ffef41edcee057b7e50f87573d2a5f655d526c"}
,"C:\\Users\\User\\PROJECTS\\daria-nagai-league\\daria-nagai-league\\src\\components\\layout\\index.tsx": {"path":"C:\\Users\\User\\PROJECTS\\daria-nagai-league\\daria-nagai-league\\src\\components\\layout\\index.tsx","statementMap":{},"fnMap":{},"branchMap":{},"s":{},"f":{},"b":{},"_coverageSchema":"1a1c01bbd47fc00a2c39e90264f33305004495a9","hash":"16fb36bd4e2e6b4a6d4371db505140925479881d"}
,"C:\\Users\\User\\PROJECTS\\daria-nagai-league\\daria-nagai-league\\src\\components\\layout\\layout.tsx": {"path":"C:\\Users\\User\\PROJECTS\\daria-nagai-league\\daria-nagai-league\\src\\components\\layout\\layout.tsx","statementMap":{"0":{"start":{"line":7,"column":22},"end":{"line":19,"column":1}},"1":{"start":{"line":8,"column":2},"end":{"line":18,"column":4}}},"fnMap":{"0":{"name":"(anonymous_0)","decl":{"start":{"line":7,"column":22},"end":{"line":7,"column":23}},"loc":{"start":{"line":7,"column":28},"end":{"line":19,"column":1}},"line":7}},"branchMap":{},"s":{"0":4,"1":4},"f":{"0":4},"b":{},"_coverageSchema":"1a1c01bbd47fc00a2c39e90264f33305004495a9","hash":"de4f3fc8325f833583b72511681e8ced5586bc33"}
,"C:\\Users\\User\\PROJECTS\\daria-nagai-league\\daria-nagai-league\\src\\components\\ui\\index.ts": {"path":"C:\\Users\\User\\PROJECTS\\daria-nagai-league\\daria-nagai-league\\src\\components\\ui\\index.ts","statementMap":{},"fnMap":{},"branchMap":{},"s":{},"f":{},"b":{},"_coverageSchema":"1a1c01bbd47fc00a2c39e90264f33305004495a9","hash":"e99d60ef608b797a70eb5ca060bd34cdb782c87b"}
,"C:\\Users\\User\\PROJECTS\\daria-nagai-league\\daria-nagai-league\\src\\components\\ui\\button\\button.styles.ts": {"path":"C:\\Users\\User\\PROJECTS\\daria-nagai-league\\daria-nagai-league\\src\\components\\ui\\button\\button.styles.ts","statementMap":{"0":{"start":{"line":5,"column":22},"end":{"line":39,"column":1}},"1":{"start":{"line":7,"column":49},"end":{"line":7,"column":65}},"2":{"start":{"line":8,"column":30},"end":{"line":8,"column":43}},"3":{"start":{"line":10,"column":4},"end":{"line":37,"column":6}}},"fnMap":{"0":{"name":"(anonymous_0)","decl":{"start":{"line":6,"column":4},"end":{"line":6,"column":5}},"loc":{"start":{"line":6,"column":19},"end":{"line":38,"column":3}},"line":6}},"branchMap":{},"s":{"0":4,"1":9,"2":9,"3":9},"f":{"0":9},"b":{},"_coverageSchema":"1a1c01bbd47fc00a2c39e90264f33305004495a9","hash":"a5793d0fa5c66d12aacfcb89ae1ad172e01cdf04"}
,"C:\\Users\\User\\PROJECTS\\daria-nagai-league\\daria-nagai-league\\src\\components\\ui\\button\\button.tsx": {"path":"C:\\Users\\User\\PROJECTS\\daria-nagai-league\\daria-nagai-league\\src\\components\\ui\\button\\button.tsx","statementMap":{"0":{"start":{"line":4,"column":22},"end":{"line":6,"column":1}},"1":{"start":{"line":5,"column":2},"end":{"line":5,"column":62}}},"fnMap":{"0":{"name":"(anonymous_0)","decl":{"start":{"line":4,"column":22},"end":{"line":4,"column":23}},"loc":{"start":{"line":4,"column":64},"end":{"line":6,"column":1}},"line":4}},"branchMap":{},"s":{"0":4,"1":9},"f":{"0":9},"b":{},"_coverageSchema":"1a1c01bbd47fc00a2c39e90264f33305004495a9","hash":"ff1c40e0fb2beee27b88c7ec19206642936804a7"}
,"C:\\Users\\User\\PROJECTS\\daria-nagai-league\\daria-nagai-league\\src\\components\\ui\\button\\button.types.ts": {"path":"C:\\Users\\User\\PROJECTS\\daria-nagai-league\\daria-nagai-league\\src\\components\\ui\\button\\button.types.ts","statementMap":{},"fnMap":{},"branchMap":{},"s":{},"f":{},"b":{}}
,"C:\\Users\\User\\PROJECTS\\daria-nagai-league\\daria-nagai-league\\src\\components\\ui\\button\\index.ts": {"path":"C:\\Users\\User\\PROJECTS\\daria-nagai-league\\daria-nagai-league\\src\\components\\ui\\button\\index.ts","statementMap":{},"fnMap":{},"branchMap":{},"s":{},"f":{},"b":{},"_coverageSchema":"1a1c01bbd47fc00a2c39e90264f33305004495a9","hash":"e01c395f622c6182e41856638cb68a2f0e448adc"}
,"C:\\Users\\User\\PROJECTS\\daria-nagai-league\\daria-nagai-league\\src\\components\\ui\\input\\index.ts": {"path":"C:\\Users\\User\\PROJECTS\\daria-nagai-league\\daria-nagai-league\\src\\components\\ui\\input\\index.ts","statementMap":{},"fnMap":{},"branchMap":{},"s":{},"f":{},"b":{},"_coverageSchema":"1a1c01bbd47fc00a2c39e90264f33305004495a9","hash":"62d61b9d587f7b2f5ab21bce5e89b41e49566e12"}
,"C:\\Users\\User\\PROJECTS\\daria-nagai-league\\daria-nagai-league\\src\\components\\ui\\input\\input.styles.ts": {"path":"C:\\Users\\User\\PROJECTS\\daria-nagai-league\\daria-nagai-league\\src\\components\\ui\\input\\input.styles.ts","statementMap":{"0":{"start":{"line":4,"column":26},"end":{"line":44,"column":1}},"1":{"start":{"line":6,"column":24},"end":{"line":6,"column":29}},"2":{"start":{"line":7,"column":49},"end":{"line":7,"column":65}},"3":{"start":{"line":9,"column":4},"end":{"line":42,"column":6}},"4":{"start":{"line":46,"column":30},"end":{"line":48,"column":1}},"5":{"start":{"line":50,"column":20},"end":{"line":61,"column":1}},"6":{"start":{"line":52,"column":4},"end":{"line":59,"column":6}},"7":{"start":{"line":63,"column":28},"end":{"line":76,"column":1}},"8":{"start":{"line":65,"column":4},"end":{"line":74,"column":6}},"9":{"start":{"line":66,"column":30},"end":{"line":66,"column":54}},"10":{"start":{"line":78,"column":25},"end":{"line":82,"column":1}}},"fnMap":{"0":{"name":"(anonymous_0)","decl":{"start":{"line":5,"column":4},"end":{"line":5,"column":5}},"loc":{"start":{"line":5,"column":26},"end":{"line":43,"column":3}},"line":5},"1":{"name":"(anonymous_1)","decl":{"start":{"line":51,"column":4},"end":{"line":51,"column":5}},"loc":{"start":{"line":51,"column":19},"end":{"line":60,"column":3}},"line":51},"2":{"name":"(anonymous_2)","decl":{"start":{"line":64,"column":4},"end":{"line":64,"column":5}},"loc":{"start":{"line":64,"column":19},"end":{"line":75,"column":3}},"line":64},"3":{"name":"(anonymous_3)","decl":{"start":{"line":66,"column":15},"end":{"line":66,"column":16}},"loc":{"start":{"line":66,"column":30},"end":{"line":66,"column":54}},"line":66}},"branchMap":{"0":{"loc":{"start":{"line":38,"column":8},"end":{"line":41,"column":7}},"type":"binary-expr","locations":[{"start":{"line":38,"column":8},"end":{"line":38,"column":13}},{"start":{"line":39,"column":6},"end":{"line":41,"column":7}}],"line":38},"1":{"loc":{"start":{"line":70,"column":8},"end":{"line":73,"column":7}},"type":"binary-expr","locations":[{"start":{"line":70,"column":8},"end":{"line":70,"column":13}},{"start":{"line":71,"column":6},"end":{"line":73,"column":7}}],"line":70}},"s":{"0":4,"1":11,"2":11,"3":11,"4":4,"5":4,"6":0,"7":4,"8":11,"9":11,"10":4},"f":{"0":11,"1":0,"2":11,"3":11},"b":{"0":[11,1],"1":[11,0]},"_coverageSchema":"1a1c01bbd47fc00a2c39e90264f33305004495a9","hash":"a0ae813cd9f079acfbb30269a170df678939f2af"}
,"C:\\Users\\User\\PROJECTS\\daria-nagai-league\\daria-nagai-league\\src\\components\\ui\\input\\input.tsx": {"path":"C:\\Users\\User\\PROJECTS\\daria-nagai-league\\daria-nagai-league\\src\\components\\ui\\input\\input.tsx","statementMap":{"0":{"start":{"line":5,"column":21},"end":{"line":17,"column":1}},"1":{"start":{"line":7,"column":4},"end":{"line":15,"column":6}}},"fnMap":{"0":{"name":"(anonymous_0)","decl":{"start":{"line":6,"column":2},"end":{"line":6,"column":3}},"loc":{"start":{"line":6,"column":38},"end":{"line":16,"column":3}},"line":6}},"branchMap":{"0":{"loc":{"start":{"line":11,"column":11},"end":{"line":11,"column":58}},"type":"binary-expr","locations":[{"start":{"line":11,"column":11},"end":{"line":11,"column":15}},{"start":{"line":11,"column":19},"end":{"line":11,"column":58}}],"line":11},"1":{"loc":{"start":{"line":13,"column":30},"end":{"line":13,"column":41}},"type":"binary-expr","locations":[{"start":{"line":13,"column":30},"end":{"line":13,"column":35}},{"start":{"line":13,"column":39},"end":{"line":13,"column":41}}],"line":13}},"s":{"0":4,"1":11},"f":{"0":11},"b":{"0":[11,0],"1":[11,10]},"_coverageSchema":"1a1c01bbd47fc00a2c39e90264f33305004495a9","hash":"16165dc20cf0c331da4dede0b3b43676359284b0"}
,"C:\\Users\\User\\PROJECTS\\daria-nagai-league\\daria-nagai-league\\src\\components\\ui\\input\\input.types.ts": {"path":"C:\\Users\\User\\PROJECTS\\daria-nagai-league\\daria-nagai-league\\src\\components\\ui\\input\\input.types.ts","statementMap":{},"fnMap":{},"branchMap":{},"s":{},"f":{},"b":{}}
,"C:\\Users\\User\\PROJECTS\\daria-nagai-league\\daria-nagai-league\\src\\components\\ui\\loader\\index.ts": {"path":"C:\\Users\\User\\PROJECTS\\daria-nagai-league\\daria-nagai-league\\src\\components\\ui\\loader\\index.ts","statementMap":{},"fnMap":{},"branchMap":{},"s":{},"f":{},"b":{},"_coverageSchema":"1a1c01bbd47fc00a2c39e90264f33305004495a9","hash":"d6fe8bbb1b74f4f517a629f14b847e77fb2eddb4"}
,"C:\\Users\\User\\PROJECTS\\daria-nagai-league\\daria-nagai-league\\src\\components\\ui\\loader\\loader.styles.ts": {"path":"C:\\Users\\User\\PROJECTS\\daria-nagai-league\\daria-nagai-league\\src\\components\\ui\\loader\\loader.styles.ts","statementMap":{"0":{"start":{"line":4,"column":22},"end":{"line":11,"column":1}},"1":{"start":{"line":13,"column":23},"end":{"line":19,"column":1}},"2":{"start":{"line":18,"column":37},"end":{"line":18,"column":53}},"3":{"start":{"line":21,"column":22},"end":{"line":34,"column":1}},"4":{"start":{"line":23,"column":21},"end":{"line":23,"column":34}},"5":{"start":{"line":25,"column":4},"end":{"line":32,"column":6}}},"fnMap":{"0":{"name":"(anonymous_0)","decl":{"start":{"line":18,"column":22},"end":{"line":18,"column":23}},"loc":{"start":{"line":18,"column":37},"end":{"line":18,"column":53}},"line":18},"1":{"name":"(anonymous_1)","decl":{"start":{"line":22,"column":4},"end":{"line":22,"column":5}},"loc":{"start":{"line":22,"column":19},"end":{"line":33,"column":3}},"line":22}},"branchMap":{},"s":{"0":4,"1":4,"2":6,"3":4,"4":6,"5":6},"f":{"0":6,"1":6},"b":{},"_coverageSchema":"1a1c01bbd47fc00a2c39e90264f33305004495a9","hash":"4fd4b6e78da5bd4d2dcc988406c0e0869aa59cb8"}
,"C:\\Users\\User\\PROJECTS\\daria-nagai-league\\daria-nagai-league\\src\\components\\ui\\loader\\loader.tsx": {"path":"C:\\Users\\User\\PROJECTS\\daria-nagai-league\\daria-nagai-league\\src\\components\\ui\\loader\\loader.tsx","statementMap":{"0":{"start":{"line":3,"column":22},"end":{"line":9,"column":1}},"1":{"start":{"line":4,"column":2},"end":{"line":8,"column":4}}},"fnMap":{"0":{"name":"(anonymous_0)","decl":{"start":{"line":3,"column":22},"end":{"line":3,"column":23}},"loc":{"start":{"line":3,"column":28},"end":{"line":9,"column":1}},"line":3}},"branchMap":{},"s":{"0":4,"1":6},"f":{"0":6},"b":{},"_coverageSchema":"1a1c01bbd47fc00a2c39e90264f33305004495a9","hash":"7c940ae118544b58bcbb4f0b1dc1b05d8bb1ee5c"}
,"C:\\Users\\User\\PROJECTS\\daria-nagai-league\\daria-nagai-league\\src\\components\\ui\\modalWindow\\index.ts": {"path":"C:\\Users\\User\\PROJECTS\\daria-nagai-league\\daria-nagai-league\\src\\components\\ui\\modalWindow\\index.ts","statementMap":{},"fnMap":{},"branchMap":{},"s":{},"f":{},"b":{},"_coverageSchema":"1a1c01bbd47fc00a2c39e90264f33305004495a9","hash":"4b9b027cd27d55e54731be75409fc32f1ff7ceb2"}
,"C:\\Users\\User\\PROJECTS\\daria-nagai-league\\daria-nagai-league\\src\\components\\ui\\modalWindow\\modalWindow.styles.ts": {"path":"C:\\Users\\User\\PROJECTS\\daria-nagai-league\\daria-nagai-league\\src\\components\\ui\\modalWindow\\modalWindow.styles.ts","statementMap":{"0":{"start":{"line":7,"column":23},"end":{"line":16,"column":1}},"1":{"start":{"line":8,"column":28},"end":{"line":8,"column":51}},"2":{"start":{"line":18,"column":30},"end":{"line":30,"column":1}},"3":{"start":{"line":32,"column":22},"end":{"line":37,"column":1}},"4":{"start":{"line":39,"column":21},"end":{"line":42,"column":1}},"5":{"start":{"line":44,"column":27},"end":{"line":49,"column":1}},"6":{"start":{"line":51,"column":23},"end":{"line":54,"column":1}}},"fnMap":{"0":{"name":"(anonymous_0)","decl":{"start":{"line":8,"column":13},"end":{"line":8,"column":14}},"loc":{"start":{"line":8,"column":28},"end":{"line":8,"column":51}},"line":8}},"branchMap":{"0":{"loc":{"start":{"line":8,"column":28},"end":{"line":8,"column":51}},"type":"cond-expr","locations":[{"start":{"line":8,"column":35},"end":{"line":8,"column":42}},{"start":{"line":8,"column":45},"end":{"line":8,"column":51}}],"line":8}},"s":{"0":4,"1":5,"2":4,"3":4,"4":4,"5":4,"6":4},"f":{"0":5},"b":{"0":[5,0]},"_coverageSchema":"1a1c01bbd47fc00a2c39e90264f33305004495a9","hash":"d3e04da16ebeccd93e28b1dc77cf816556563b73"}
,"C:\\Users\\User\\PROJECTS\\daria-nagai-league\\daria-nagai-league\\src\\components\\ui\\modalWindow\\modalWindow.tsx": {"path":"C:\\Users\\User\\PROJECTS\\daria-nagai-league\\daria-nagai-league\\src\\components\\ui\\modalWindow\\modalWindow.tsx","statementMap":{"0":{"start":{"line":5,"column":49},"end":{"line":35,"column":1}},"1":{"start":{"line":11,"column":2},"end":{"line":11,"column":25}},"2":{"start":{"line":11,"column":13},"end":{"line":11,"column":25}},"3":{"start":{"line":13,"column":31},"end":{"line":17,"column":3}},"4":{"start":{"line":16,"column":4},"end":{"line":16,"column":28}},"5":{"start":{"line":19,"column":2},"end":{"line":34,"column":4}}},"fnMap":{"0":{"name":"(anonymous_0)","decl":{"start":{"line":5,"column":49},"end":{"line":5,"column":50}},"loc":{"start":{"line":10,"column":6},"end":{"line":35,"column":1}},"line":10},"1":{"name":"(anonymous_1)","decl":{"start":{"line":13,"column":31},"end":{"line":13,"column":32}},"loc":{"start":{"line":15,"column":7},"end":{"line":17,"column":3}},"line":15}},"branchMap":{"0":{"loc":{"start":{"line":11,"column":2},"end":{"line":11,"column":25}},"type":"if","locations":[{"start":{"line":11,"column":2},"end":{"line":11,"column":25}},{"start":{},"end":{}}],"line":11}},"s":{"0":4,"1":5,"2":0,"3":5,"4":2,"5":5},"f":{"0":5,"1":2},"b":{"0":[0,5]},"_coverageSchema":"1a1c01bbd47fc00a2c39e90264f33305004495a9","hash":"cd909885eb680008b988d410969d2248998733f4"}
,"C:\\Users\\User\\PROJECTS\\daria-nagai-league\\daria-nagai-league\\src\\components\\ui\\modalWindow\\modalWindow.types.ts": {"path":"C:\\Users\\User\\PROJECTS\\daria-nagai-league\\daria-nagai-league\\src\\components\\ui\\modalWindow\\modalWindow.types.ts","statementMap":{},"fnMap":{},"branchMap":{},"s":{},"f":{},"b":{}}
,"C:\\Users\\User\\PROJECTS\\daria-nagai-league\\daria-nagai-league\\src\\constants\\url.ts": {"path":"C:\\Users\\User\\PROJECTS\\daria-nagai-league\\daria-nagai-league\\src\\constants\\url.ts","statementMap":{"0":{"start":{"line":1,"column":23},"end":{"line":1,"column":52}}},"fnMap":{},"branchMap":{},"s":{"0":3},"f":{},"b":{},"_coverageSchema":"1a1c01bbd47fc00a2c39e90264f33305004495a9","hash":"7a77bd2a67b1b7a2faf236f95f8c85a437af636d"}
,"C:\\Users\\User\\PROJECTS\\daria-nagai-league\\daria-nagai-league\\src\\hooks\\useModal.tsx": {"path":"C:\\Users\\User\\PROJECTS\\daria-nagai-league\\daria-nagai-league\\src\\hooks\\useModal.tsx","statementMap":{"0":{"start":{"line":5,"column":24},"end":{"line":26,"column":1}},"1":{"start":{"line":6,"column":24},"end":{"line":6,"column":51}},"2":{"start":{"line":8,"column":27},"end":{"line":13,"column":8}},"3":{"start":{"line":9,"column":4},"end":{"line":12,"column":5}},"4":{"start":{"line":10,"column":6},"end":{"line":10,"column":53}},"5":{"start":{"line":11,"column":6},"end":{"line":11,"column":35}},"6":{"start":{"line":15,"column":26},"end":{"line":23,"column":3}},"7":{"start":{"line":17,"column":17},"end":{"line":19,"column":8}},"8":{"start":{"line":18,"column":8},"end":{"line":18,"column":60}},"9":{"start":{"line":20,"column":6},"end":{"line":20,"column":33}},"10":{"start":{"line":25,"column":2},"end":{"line":25,"column":54}}},"fnMap":{"0":{"name":"(anonymous_0)","decl":{"start":{"line":5,"column":24},"end":{"line":5,"column":25}},"loc":{"start":{"line":5,"column":30},"end":{"line":26,"column":1}},"line":5},"1":{"name":"(anonymous_1)","decl":{"start":{"line":8,"column":39},"end":{"line":8,"column":40}},"loc":{"start":{"line":8,"column":45},"end":{"line":13,"column":3}},"line":8},"2":{"name":"(anonymous_2)","decl":{"start":{"line":16,"column":4},"end":{"line":16,"column":5}},"loc":{"start":{"line":16,"column":32},"end":{"line":21,"column":5}},"line":16},"3":{"name":"(anonymous_3)","decl":{"start":{"line":17,"column":40},"end":{"line":17,"column":41}},"loc":{"start":{"line":18,"column":8},"end":{"line":18,"column":60}},"line":18}},"branchMap":{"0":{"loc":{"start":{"line":9,"column":4},"end":{"line":12,"column":5}},"type":"if","locations":[{"start":{"line":9,"column":4},"end":{"line":12,"column":5}},{"start":{},"end":{}}],"line":9}},"s":{"0":4,"1":9,"2":9,"3":0,"4":0,"5":0,"6":9,"7":0,"8":0,"9":0,"10":9},"f":{"0":9,"1":0,"2":0,"3":0},"b":{"0":[0,0]},"_coverageSchema":"1a1c01bbd47fc00a2c39e90264f33305004495a9","hash":"60ec5fa0903b7126c2394f2ce0dc693b36c7ff91"}
,"C:\\Users\\User\\PROJECTS\\daria-nagai-league\\daria-nagai-league\\src\\pages\\homePage\\homePage.styles.ts": {"path":"C:\\Users\\User\\PROJECTS\\daria-nagai-league\\daria-nagai-league\\src\\pages\\homePage\\homePage.styles.ts","statementMap":{"0":{"start":{"line":3,"column":21},"end":{"line":17,"column":1}},"1":{"start":{"line":5,"column":4},"end":{"line":15,"column":6}},"2":{"start":{"line":19,"column":23},"end":{"line":34,"column":1}},"3":{"start":{"line":21,"column":4},"end":{"line":32,"column":6}},"4":{"start":{"line":36,"column":30},"end":{"line":47,"column":1}},"5":{"start":{"line":38,"column":4},"end":{"line":45,"column":6}},"6":{"start":{"line":49,"column":24},"end":{"line":56,"column":1}},"7":{"start":{"line":51,"column":4},"end":{"line":54,"column":6}}},"fnMap":{"0":{"name":"(anonymous_0)","decl":{"start":{"line":4,"column":4},"end":{"line":4,"column":5}},"loc":{"start":{"line":4,"column":19},"end":{"line":16,"column":3}},"line":4},"1":{"name":"(anonymous_1)","decl":{"start":{"line":20,"column":4},"end":{"line":20,"column":5}},"loc":{"start":{"line":20,"column":19},"end":{"line":33,"column":3}},"line":20},"2":{"name":"(anonymous_2)","decl":{"start":{"line":37,"column":4},"end":{"line":37,"column":5}},"loc":{"start":{"line":37,"column":19},"end":{"line":46,"column":3}},"line":37},"3":{"name":"(anonymous_3)","decl":{"start":{"line":50,"column":4},"end":{"line":50,"column":5}},"loc":{"start":{"line":50,"column":19},"end":{"line":55,"column":3}},"line":50}},"branchMap":{},"s":{"0":1,"1":5,"2":1,"3":5,"4":1,"5":5,"6":1,"7":2},"f":{"0":5,"1":5,"2":5,"3":2},"b":{},"_coverageSchema":"1a1c01bbd47fc00a2c39e90264f33305004495a9","hash":"e4131bb1164b79b6826818a7e993c2d1b7695cc6"}
,"C:\\Users\\User\\PROJECTS\\daria-nagai-league\\daria-nagai-league\\src\\pages\\homePage\\homePage.tsx": {"path":"C:\\Users\\User\\PROJECTS\\daria-nagai-league\\daria-nagai-league\\src\\pages\\homePage\\homePage.tsx","statementMap":{"0":{"start":{"line":8,"column":17},"end":{"line":33,"column":2}},"1":{"start":{"line":9,"column":40},"end":{"line":9,"column":53}},"2":{"start":{"line":11,"column":2},"end":{"line":13,"column":9}},"3":{"start":{"line":12,"column":4},"end":{"line":12,"column":30}},"4":{"start":{"line":15,"column":2},"end":{"line":17,"column":3}},"5":{"start":{"line":16,"column":4},"end":{"line":16,"column":22}},"6":{"start":{"line":19,"column":2},"end":{"line":32,"column":4}},"7":{"start":{"line":25,"column":12},"end":{"line":25,"column":54}}},"fnMap":{"0":{"name":"(anonymous_0)","decl":{"start":{"line":8,"column":26},"end":{"line":8,"column":27}},"loc":{"start":{"line":8,"column":32},"end":{"line":33,"column":1}},"line":8},"1":{"name":"(anonymous_1)","decl":{"start":{"line":11,"column":12},"end":{"line":11,"column":13}},"loc":{"start":{"line":11,"column":18},"end":{"line":13,"column":3}},"line":11},"2":{"name":"(anonymous_2)","decl":{"start":{"line":24,"column":29},"end":{"line":24,"column":30}},"loc":{"start":{"line":25,"column":12},"end":{"line":25,"column":54}},"line":25}},"branchMap":{"0":{"loc":{"start":{"line":15,"column":2},"end":{"line":17,"column":3}},"type":"if","locations":[{"start":{"line":15,"column":2},"end":{"line":17,"column":3}},{"start":{},"end":{}}],"line":15},"1":{"loc":{"start":{"line":23,"column":9},"end":{"line":29,"column":9}},"type":"cond-expr","locations":[{"start":{"line":24,"column":10},"end":{"line":26,"column":12}},{"start":{"line":28,"column":10},"end":{"line":28,"column":73}}],"line":23}},"s":{"0":1,"1":8,"2":8,"3":3,"4":8,"5":3,"6":5,"7":9},"f":{"0":8,"1":3,"2":9},"b":{"0":[3,5],"1":[3,2]},"_coverageSchema":"1a1c01bbd47fc00a2c39e90264f33305004495a9","hash":"5db8e364cd53ec96f6cad1cfcfe19a1a6455be15"}
,"C:\\Users\\User\\PROJECTS\\daria-nagai-league\\daria-nagai-league\\src\\router\\index.tsx": {"path":"C:\\Users\\User\\PROJECTS\\daria-nagai-league\\daria-nagai-league\\src\\router\\index.tsx","statementMap":{},"fnMap":{},"branchMap":{},"s":{},"f":{},"b":{},"_coverageSchema":"1a1c01bbd47fc00a2c39e90264f33305004495a9","hash":"d3c1efb9f5398898d0d17dd44b6beb4fb91e0f10"}
,"C:\\Users\\User\\PROJECTS\\daria-nagai-league\\daria-nagai-league\\src\\router\\router.tsx": {"path":"C:\\Users\\User\\PROJECTS\\daria-nagai-league\\daria-nagai-league\\src\\router\\router.tsx","statementMap":{"0":{"start":{"line":6,"column":17},"end":{"line":6,"column":64}},"1":{"start":{"line":6,"column":28},"end":{"line":6,"column":63}},"2":{"start":{"line":8,"column":22},"end":{"line":19,"column":2}}},"fnMap":{"0":{"name":"(anonymous_0)","decl":{"start":{"line":6,"column":22},"end":{"line":6,"column":23}},"loc":{"start":{"line":6,"column":28},"end":{"line":6,"column":63}},"line":6}},"branchMap":{},"s":{"0":4,"1":1,"2":4},"f":{"0":1},"b":{},"_coverageSchema":"1a1c01bbd47fc00a2c39e90264f33305004495a9","hash":"3e46886efe9cc34aff552370136afeecbd31edcf"}
,"C:\\Users\\User\\PROJECTS\\daria-nagai-league\\daria-nagai-league\\src\\services\\images\\images.ts": {"path":"C:\\Users\\User\\PROJECTS\\daria-nagai-league\\daria-nagai-league\\src\\services\\images\\images.ts","statementMap":{"0":{"start":{"line":7,"column":20},"end":{"line":7,"column":22}},"1":{"start":{"line":8,"column":23},"end":{"line":8,"column":28}},"2":{"start":{"line":9,"column":24},"end":{"line":9,"column":26}},"3":{"start":{"line":12,"column":4},"end":{"line":12,"column":29}},"4":{"start":{"line":16,"column":4},"end":{"line":16,"column":26}},"5":{"start":{"line":17,"column":4},"end":{"line":27,"column":5}},"6":{"start":{"line":18,"column":23},"end":{"line":18,"column":64}},"7":{"start":{"line":19,"column":6},"end":{"line":22,"column":7}},"8":{"start":{"line":20,"column":23},"end":{"line":20,"column":44}},"9":{"start":{"line":21,"column":8},"end":{"line":21,"column":29}},"10":{"start":{"line":24,"column":6},"end":{"line":24,"column":23}},"11":{"start":{"line":26,"column":6},"end":{"line":26,"column":29}},"12":{"start":{"line":31,"column":4},"end":{"line":31,"column":29}},"13":{"start":{"line":35,"column":24},"end":{"line":35,"column":54}},"14":{"start":{"line":36,"column":4},"end":{"line":44,"column":10}},"15":{"start":{"line":38,"column":22},"end":{"line":38,"column":47}},"16":{"start":{"line":39,"column":8},"end":{"line":39,"column":59}},"17":{"start":{"line":41,"column":23},"end":{"line":44,"column":7}},"18":{"start":{"line":48,"column":29},"end":{"line":48,"column":48}}},"fnMap":{"0":{"name":"(anonymous_0)","decl":{"start":{"line":11,"column":2},"end":{"line":11,"column":3}},"loc":{"start":{"line":11,"column":16},"end":{"line":13,"column":3}},"line":11},"1":{"name":"(anonymous_1)","decl":{"start":{"line":15,"column":2},"end":{"line":15,"column":3}},"loc":{"start":{"line":15,"column":20},"end":{"line":28,"column":3}},"line":15},"2":{"name":"(anonymous_2)","decl":{"start":{"line":30,"column":2},"end":{"line":30,"column":3}},"loc":{"start":{"line":30,"column":32},"end":{"line":32,"column":3}},"line":30},"3":{"name":"(anonymous_3)","decl":{"start":{"line":34,"column":2},"end":{"line":34,"column":3}},"loc":{"start":{"line":34,"column":23},"end":{"line":45,"column":3}},"line":34},"4":{"name":"(anonymous_4)","decl":{"start":{"line":37,"column":14},"end":{"line":37,"column":15}},"loc":{"start":{"line":37,"column":25},"end":{"line":40,"column":7}},"line":37},"5":{"name":"(anonymous_5)","decl":{"start":{"line":41,"column":11},"end":{"line":41,"column":12}},"loc":{"start":{"line":41,"column":23},"end":{"line":44,"column":7}},"line":41}},"branchMap":{"0":{"loc":{"start":{"line":19,"column":6},"end":{"line":22,"column":7}},"type":"if","locations":[{"start":{"line":19,"column":6},"end":{"line":22,"column":7}},{"start":{},"end":{}}],"line":19},"1":{"loc":{"start":{"line":39,"column":15},"end":{"line":39,"column":58}},"type":"binary-expr","locations":[{"start":{"line":39,"column":15},"end":{"line":39,"column":27}},{"start":{"line":39,"column":31},"end":{"line":39,"column":58}}],"line":39}},"s":{"0":3,"1":3,"2":3,"3":3,"4":3,"5":3,"6":3,"7":3,"8":3,"9":3,"10":0,"11":3,"12":3,"13":6,"14":6,"15":12,"16":12,"17":12,"18":3},"f":{"0":3,"1":3,"2":3,"3":6,"4":12,"5":12},"b":{"0":[3,0],"1":[12,0]},"_coverageSchema":"1a1c01bbd47fc00a2c39e90264f33305004495a9","hash":"56fd4e9a0aa235701de5c5ed49991c886a458ea4"}
,"C:\\Users\\User\\PROJECTS\\daria-nagai-league\\daria-nagai-league\\src\\services\\images\\index.ts": {"path":"C:\\Users\\User\\PROJECTS\\daria-nagai-league\\daria-nagai-league\\src\\services\\images\\index.ts","statementMap":{},"fnMap":{},"branchMap":{},"s":{},"f":{},"b":{},"_coverageSchema":"1a1c01bbd47fc00a2c39e90264f33305004495a9","hash":"c8900a0ef562a3d7d066117bcdcb2319dd3a3c24"}
,"C:\\Users\\User\\PROJECTS\\daria-nagai-league\\daria-nagai-league\\src\\services\\modals\\index.ts": {"path":"C:\\Users\\User\\PROJECTS\\daria-nagai-league\\daria-nagai-league\\src\\services\\modals\\index.ts","statementMap":{},"fnMap":{},"branchMap":{},"s":{},"f":{},"b":{},"_coverageSchema":"1a1c01bbd47fc00a2c39e90264f33305004495a9","hash":"cfd217b62ff8bcb0cdd2a5fb759e87b9813e68d7"}
,"C:\\Users\\User\\PROJECTS\\daria-nagai-league\\daria-nagai-league\\src\\services\\modals\\modal.types.ts": {"path":"C:\\Users\\User\\PROJECTS\\daria-nagai-league\\daria-nagai-league\\src\\services\\modals\\modal.types.ts","statementMap":{},"fnMap":{},"branchMap":{},"s":{},"f":{},"b":{}}
,"C:\\Users\\User\\PROJECTS\\daria-nagai-league\\daria-nagai-league\\src\\services\\modals\\modals.ts": {"path":"C:\\Users\\User\\PROJECTS\\daria-nagai-league\\daria-nagai-league\\src\\services\\modals\\modals.ts","statementMap":{"0":{"start":{"line":10,"column":20},"end":{"line":10,"column":22}},"1":{"start":{"line":13,"column":4},"end":{"line":13,"column":29}},"2":{"start":{"line":17,"column":15},"end":{"line":17,"column":23}},"3":{"start":{"line":18,"column":4},"end":{"line":18,"column":40}},"4":{"start":{"line":19,"column":4},"end":{"line":19,"column":14}},"5":{"start":{"line":23,"column":4},"end":{"line":23,"column":65}},"6":{"start":{"line":23,"column":48},"end":{"line":23,"column":63}},"7":{"start":{"line":27,"column":28},"end":{"line":27,"column":46}}},"fnMap":{"0":{"name":"(anonymous_0)","decl":{"start":{"line":12,"column":2},"end":{"line":12,"column":3}},"loc":{"start":{"line":12,"column":16},"end":{"line":14,"column":3}},"line":12},"1":{"name":"(anonymous_1)","decl":{"start":{"line":16,"column":2},"end":{"line":16,"column":3}},"loc":{"start":{"line":16,"column":41},"end":{"line":20,"column":3}},"line":16},"2":{"name":"(anonymous_2)","decl":{"start":{"line":22,"column":2},"end":{"line":22,"column":3}},"loc":{"start":{"line":22,"column":31},"end":{"line":24,"column":3}},"line":22},"3":{"name":"(anonymous_3)","decl":{"start":{"line":23,"column":37},"end":{"line":23,"column":38}},"loc":{"start":{"line":23,"column":48},"end":{"line":23,"column":63}},"line":23}},"branchMap":{},"s":{"0":4,"1":4,"2":0,"3":0,"4":0,"5":0,"6":0,"7":4},"f":{"0":4,"1":0,"2":0,"3":0},"b":{},"_coverageSchema":"1a1c01bbd47fc00a2c39e90264f33305004495a9","hash":"169a9e150185c11e6dd8b8be28c94d6838fb2a7a"}
,"C:\\Users\\User\\PROJECTS\\daria-nagai-league\\daria-nagai-league\\src\\theme\\globalStyles.ts": {"path":"C:\\Users\\User\\PROJECTS\\daria-nagai-league\\daria-nagai-league\\src\\theme\\globalStyles.ts","statementMap":{"0":{"start":{"line":3,"column":15},"end":{"line":3,"column":36}},"1":{"start":{"line":5,"column":27},"end":{"line":29,"column":1}}},"fnMap":{},"branchMap":{},"s":{"0":4,"1":4},"f":{},"b":{},"_coverageSchema":"1a1c01bbd47fc00a2c39e90264f33305004495a9","hash":"18fa380c43528ed529a62fde4d38a2ce4e53dbfb"}
,"C:\\Users\\User\\PROJECTS\\daria-nagai-league\\daria-nagai-league\\src\\theme\\index.ts": {"path":"C:\\Users\\User\\PROJECTS\\daria-nagai-league\\daria-nagai-league\\src\\theme\\index.ts","statementMap":{},"fnMap":{},"branchMap":{},"s":{},"f":{},"b":{},"_coverageSchema":"1a1c01bbd47fc00a2c39e90264f33305004495a9","hash":"c315e4761e76751688322150e584df36bcfb772b"}
,"C:\\Users\\User\\PROJECTS\\daria-nagai-league\\daria-nagai-league\\src\\theme\\theme.ts": {"path":"C:\\Users\\User\\PROJECTS\\daria-nagai-league\\daria-nagai-league\\src\\theme\\theme.ts","statementMap":{"0":{"start":{"line":1,"column":14},"end":{"line":52,"column":1}}},"fnMap":{},"branchMap":{},"s":{"0":4},"f":{},"b":{},"_coverageSchema":"1a1c01bbd47fc00a2c39e90264f33305004495a9","hash":"934e78643e9152e21f9b4b6c2029429b8d2e0e2f"}
,"C:\\Users\\User\\PROJECTS\\daria-nagai-league\\daria-nagai-league\\src\\types\\image.ts": {"path":"C:\\Users\\User\\PROJECTS\\daria-nagai-league\\daria-nagai-league\\src\\types\\image.ts","statementMap":{},"fnMap":{},"branchMap":{},"s":{},"f":{},"b":{}}
,"C:\\Users\\User\\PROJECTS\\daria-nagai-league\\daria-nagai-league\\src\\utils\\searchHighlight.ts": {"path":"C:\\Users\\User\\PROJECTS\\daria-nagai-league\\daria-nagai-league\\src\\utils\\searchHighlight.ts","statementMap":{"0":{"start":{"line":1,"column":31},"end":{"line":17,"column":1}},"1":{"start":{"line":2,"column":25},"end":{"line":6,"column":3}},"2":{"start":{"line":3,"column":4},"end":{"line":5,"column":53}},"3":{"start":{"line":8,"column":2},"end":{"line":10,"column":3}},"4":{"start":{"line":9,"column":4},"end":{"line":9,"column":16}},"5":{"start":{"line":12,"column":16},"end":{"line":12,"column":32}},"6":{"start":{"line":14,"column":2},"end":{"line":16,"column":14}},"7":{"start":{"line":15,"column":20},"end":{"line":15,"column":75}}},"fnMap":{"0":{"name":"(anonymous_0)","decl":{"start":{"line":1,"column":31},"end":{"line":1,"column":32}},"loc":{"start":{"line":1,"column":74},"end":{"line":17,"column":1}},"line":1},"1":{"name":"(anonymous_1)","decl":{"start":{"line":2,"column":25},"end":{"line":2,"column":26}},"loc":{"start":{"line":2,"column":43},"end":{"line":6,"column":3}},"line":2},"2":{"name":"(anonymous_2)","decl":{"start":{"line":15,"column":9},"end":{"line":15,"column":10}},"loc":{"start":{"line":15,"column":20},"end":{"line":15,"column":75}},"line":15}},"branchMap":{"0":{"loc":{"start":{"line":8,"column":2},"end":{"line":10,"column":3}},"type":"if","locations":[{"start":{"line":8,"column":2},"end":{"line":10,"column":3}},{"start":{},"end":{}}],"line":8},"1":{"loc":{"start":{"line":15,"column":20},"end":{"line":15,"column":75}},"type":"cond-expr","locations":[{"start":{"line":15,"column":43},"end":{"line":15,"column":68}},{"start":{"line":15,"column":71},"end":{"line":15,"column":75}}],"line":15}},"s":{"0":3,"1":12,"2":0,"3":12,"4":12,"5":0,"6":0,"7":0},"f":{"0":12,"1":0,"2":0},"b":{"0":[12,0],"1":[0,0]},"_coverageSchema":"1a1c01bbd47fc00a2c39e90264f33305004495a9","hash":"b237e367d59ac714a7d980d64fd558aeb42fbd7b"}
,"C:\\Users\\User\\PROJECTS\\daria-nagai-league\\daria-nagai-league\\src\\utils\\tests.tsx": {"path":"C:\\Users\\User\\PROJECTS\\daria-nagai-league\\daria-nagai-league\\src\\utils\\tests.tsx","statementMap":{"0":{"start":{"line":14,"column":34},"end":{"line":16,"column":1}},"1":{"start":{"line":15,"column":2},"end":{"line":15,"column":36}},"2":{"start":{"line":18,"column":50},"end":{"line":23,"column":1}},"3":{"start":{"line":19,"column":2},"end":{"line":22,"column":18}},"4":{"start":{"line":25,"column":21},"end":{"line":26,"column":42}},"5":{"start":{"line":26,"column":2},"end":{"line":26,"column":42}}},"fnMap":{"0":{"name":"(anonymous_0)","decl":{"start":{"line":14,"column":34},"end":{"line":14,"column":35}},"loc":{"start":{"line":15,"column":2},"end":{"line":15,"column":36}},"line":15},"1":{"name":"(anonymous_1)","decl":{"start":{"line":18,"column":50},"end":{"line":18,"column":51}},"loc":{"start":{"line":19,"column":2},"end":{"line":22,"column":18}},"line":19},"2":{"name":"(anonymous_2)","decl":{"start":{"line":25,"column":21},"end":{"line":25,"column":22}},"loc":{"start":{"line":26,"column":2},"end":{"line":26,"column":42}},"line":26}},"branchMap":{},"s":{"0":4,"1":4,"2":4,"3":12,"4":4,"5":12},"f":{"0":4,"1":12,"2":12},"b":{},"_coverageSchema":"1a1c01bbd47fc00a2c39e90264f33305004495a9","hash":"7afd35b4a36082ab3fc8a6203464b313a26697cc"}
}
